2019-04-06 15:37:42.246  INFO 17905 --- [main] c.m.r.RideSharingClientApplication       : No active profile set, falling back to default profiles: default
2019-04-06 15:37:42.849  INFO 17905 --- [main] o.s.cloud.context.scope.GenericScope     : BeanFactory id=f7191af2-52cf-3190-9acd-a266e77f5f64
2019-04-06 15:37:42.860  INFO 17905 --- [main] trationDelegate$BeanPostProcessorChecker : Bean 'org.springframework.kafka.annotation.KafkaBootstrapConfiguration' of type [org.springframework.kafka.annotation.KafkaBootstrapConfiguration$$EnhancerBySpringCGLIB$$37fd4620] is not eligible for getting processed by all BeanPostProcessors (for example: not eligible for auto-proxying)
2019-04-06 15:37:42.920  INFO 17905 --- [main] trationDelegate$BeanPostProcessorChecker : Bean 'org.springframework.cloud.autoconfigure.ConfigurationPropertiesRebinderAutoConfiguration' of type [org.springframework.cloud.autoconfigure.ConfigurationPropertiesRebinderAutoConfiguration$$EnhancerBySpringCGLIB$$8065379a] is not eligible for getting processed by all BeanPostProcessors (for example: not eligible for auto-proxying)
2019-04-06 15:37:43.185  INFO 17905 --- [main] o.s.b.w.embedded.tomcat.TomcatWebServer  : Tomcat initialized with port(s): 9000 (http)
2019-04-06 15:37:43.208  INFO 17905 --- [main] o.apache.catalina.core.StandardService   : Starting service [Tomcat]
2019-04-06 15:37:43.208  INFO 17905 --- [main] org.apache.catalina.core.StandardEngine  : Starting Servlet Engine: Apache Tomcat/9.0.13
2019-04-06 15:37:43.216  INFO 17905 --- [main] o.a.catalina.core.AprLifecycleListener   : The APR based Apache Tomcat Native library which allows optimal performance in production environments was not found on the java.library.path: [/usr/java/packages/lib/amd64:/usr/lib64:/lib64:/lib:/usr/lib]
2019-04-06 15:37:43.295  INFO 17905 --- [main] o.a.c.c.C.[Tomcat].[localhost].[/]       : Initializing Spring embedded WebApplicationContext
2019-04-06 15:37:43.295  INFO 17905 --- [main] o.s.web.context.ContextLoader            : Root WebApplicationContext: initialization completed in 974 ms
2019-04-06 15:37:43.497  WARN 17905 --- [main] c.n.c.sources.URLConfigurationSource     : No URLs will be polled as dynamic configuration sources.
2019-04-06 15:37:43.498  INFO 17905 --- [main] c.n.c.sources.URLConfigurationSource     : To enable URLs as dynamic configuration sources, define System property archaius.configurationSource.additionalUrls or make config.properties available on classpath.
2019-04-06 15:37:43.545  WARN 17905 --- [main] c.n.c.sources.URLConfigurationSource     : No URLs will be polled as dynamic configuration sources.
2019-04-06 15:37:43.545  INFO 17905 --- [main] c.n.c.sources.URLConfigurationSource     : To enable URLs as dynamic configuration sources, define System property archaius.configurationSource.additionalUrls or make config.properties available on classpath.
2019-04-06 15:37:43.675  INFO 17905 --- [main] o.s.s.concurrent.ThreadPoolTaskExecutor  : Initializing ExecutorService 'applicationTaskExecutor'
2019-04-06 15:37:44.038  INFO 17905 --- [main] o.s.b.w.embedded.tomcat.TomcatWebServer  : Tomcat started on port(s): 9000 (http) with context path ''
2019-04-06 15:37:44.040  INFO 17905 --- [main] c.m.r.RideSharingClientApplication       : Started RideSharingClientApplication in 2.442 seconds (JVM running for 2.72)
2019-04-06 15:37:44.043  INFO 17905 --- [main] c.m.r.r.w.RideSharingResponseWritter     : ****************************** Inside RideSharingResponseWritter **************************
2019-04-06 15:37:44.044  INFO 17905 --- [main] c.m.r.r.writter.TaxiResponseWritter      : ****************************** Inside TaxiResponseWritter **************************
2019-04-06 15:37:44.045  INFO 17905 --- [pool-1-thread-1] c.m.r.r.w.RideSharingResponseWritter     : RideSharingResponseAckWritter Thread Started
2019-04-06 15:37:44.045  INFO 17905 --- [pool-2-thread-1] c.m.r.r.writter.TaxiResponseWritter      : TaxiResponseWritter Thread Started
